<?xml version="1.0" encoding="UTF-8"?>
<!-- Generated by org.testng.reporters.JUnitReportReporter -->
<testsuite hostname="hp" failures="0" tests="2" name="com.TestClasses.TestClass_ForProfileCreator" time="1.758" errors="0" timestamp="2021-11-15T20:43:20 IST" skipped="0">
  <testcase classname="com.TestClasses.TestClass_ForProfileCreator" name="TestCase" time="1.708"/>
  <system-out/>
  <testcase classname="com.TestClasses.TestClass_ForProfileCreator" name="VerifyCommunityName" time="0.050"/>
  <system-out/>
</testsuite> <!-- com.TestClasses.TestClass_ForProfileCreator -->
